<?xml version="1.0" encoding="UTF-8"?>
<!-- Generated by org.testng.reporters.JUnitReportReporter -->
<testsuite hostname="DESKTOP-55026OI" failures="0" tests="2" name="TestClassPakage.TestClassForForgotPassword" time="62.742" errors="0" timestamp="2023-10-11T15:52:06 IST" skipped="0">
  <testcase classname="TestClassPakage.TestClassForForgotPassword" name="verifyLoginCredentials" time="20.318"/>
  <system-out/>
  <testcase classname="TestClassPakage.TestClassForForgotPassword" name="verifyLoginCredentials" time="42.424"/>
  <system-out/>
</testsuite> <!-- TestClassPakage.TestClassForForgotPassword -->
