<?xml version="1.0" encoding="UTF-8"?>
<!-- Generated by org.testng.reporters.JUnitReportReporter -->
<testsuite hostname="DESKTOP-55026OI" failures="0" tests="2" name="TestClassPakage.TestClassForFacebookLogin" time="104.673" errors="0" timestamp="2023-10-11T15:52:06 IST" skipped="0">
  <testcase classname="TestClassPakage.TestClassForFacebookLogin" name="verifyLoginCredentials" time="62.175"/>
  <system-out/>
  <testcase classname="TestClassPakage.TestClassForFacebookLogin" name="verifyLoginCredentials" time="42.498"/>
  <system-out/>
</testsuite> <!-- TestClassPakage.TestClassForFacebookLogin -->
