<?xml version="1.0" encoding="UTF-8"?>
<!-- Generated by org.testng.reporters.JUnitReportReporter -->
<testsuite hostname="DESKTOP-55026OI" failures="0" tests="4" name="TestClassPakage.TestClassForSignUp" time="125.346" errors="0" timestamp="2023-10-11T15:52:06 IST" skipped="0">
  <testcase classname="TestClassPakage.TestClassForSignUp" name="verifyLoginCredentials2" time="19.341"/>
  <system-out/>
  <testcase classname="TestClassPakage.TestClassForSignUp" name="verifyLoginCredentials" time="59.746"/>
  <system-out/>
  <testcase classname="TestClassPakage.TestClassForSignUp" name="verifyLoginCredentials" time="19.039"/>
  <system-out/>
  <testcase classname="TestClassPakage.TestClassForSignUp" name="verifyLoginCredentials2" time="27.220"/>
  <system-out/>
</testsuite> <!-- TestClassPakage.TestClassForSignUp -->
