<?xml version="1.0" encoding="UTF-8"?>
<!-- Generated by org.testng.reporters.JUnitReportReporter -->
<testsuite hostname="DESKTOP-55026OI" failures="0" tests="2" name="TestClassPakage.TestClassForLoginPage" time="29.764" errors="0" timestamp="2023-10-13T08:25:46 IST" skipped="1">
  <testcase classname="TestClassPakage.TestClassForLoginPage" name="verifyUser" time="0.000">
    <skipped/>
  </testcase> <!-- verifyUser -->
  <system-out/>
  <testcase classname="TestClassPakage.TestClassForLoginPage" name="verifyUser" time="29.764"/>
  <system-out/>
</testsuite> <!-- TestClassPakage.TestClassForLoginPage -->
