<?xml version="1.0" encoding="UTF-8"?>
<!-- Generated by org.testng.reporters.JUnitReportReporter -->
<testsuite hostname="DESKTOP-55026OI" failures="0" tests="2" name="TestClassPakage.TestClassForLoginPage" time="106.533" errors="0" timestamp="2023-10-11T15:52:06 IST" skipped="0">
  <testcase classname="TestClassPakage.TestClassForLoginPage" name="verifyUser" time="41.754"/>
  <system-out/>
  <testcase classname="TestClassPakage.TestClassForLoginPage" name="verifyUser" time="64.779"/>
  <system-out/>
</testsuite> <!-- TestClassPakage.TestClassForLoginPage -->
