<?xml version="1.0" encoding="UTF-8"?>
<!-- Generated by org.testng.reporters.JUnitReportReporter -->
<testsuite hostname="DESKTOP-55026OI" failures="0" tests="2" name="TestClassPakage.TestClassForForgotPassword" time="30.731" errors="0" timestamp="2023-10-13T08:25:46 IST" skipped="1">
  <testcase classname="TestClassPakage.TestClassForForgotPassword" name="verifyLoginCredentials" time="0.000">
    <skipped/>
  </testcase> <!-- verifyLoginCredentials -->
  <system-out/>
  <testcase classname="TestClassPakage.TestClassForForgotPassword" name="verifyLoginCredentials" time="30.731"/>
  <system-out/>
</testsuite> <!-- TestClassPakage.TestClassForForgotPassword -->
