<?xml version="1.0" encoding="UTF-8"?>
<!-- Generated by org.testng.reporters.JUnitReportReporter -->
<testsuite hostname="DESKTOP-55026OI" failures="0" tests="4" name="TestClassPakage.TestClassForSignUp" time="46.483" errors="0" timestamp="2023-10-13T08:25:46 IST" skipped="2">
  <testcase classname="TestClassPakage.TestClassForSignUp" name="verifyLoginCredentials2" time="0.000">
    <skipped/>
  </testcase> <!-- verifyLoginCredentials2 -->
  <system-out/>
  <testcase classname="TestClassPakage.TestClassForSignUp" name="verifyLoginCredentials" time="15.496"/>
  <system-out/>
  <testcase classname="TestClassPakage.TestClassForSignUp" name="verifyLoginCredentials" time="0.000">
    <skipped/>
  </testcase> <!-- verifyLoginCredentials -->
  <system-out/>
  <testcase classname="TestClassPakage.TestClassForSignUp" name="verifyLoginCredentials2" time="30.987"/>
  <system-out/>
</testsuite> <!-- TestClassPakage.TestClassForSignUp -->
